Created by PLY version 3.4 (http://www.dabeaz.com/ply)

Grammar

Rule 0     S' -> statement
Rule 1     statement -> statement statement
Rule 2     statement -> type
Rule 3     statement -> assign
Rule 4     statement -> func_def FUNCTION_END
Rule 5     statement -> bookmark
Rule 6     statement -> goto
Rule 7     function -> LPAREN ID RPAREN
Rule 8     function -> LPAREN ID assign RPAREN
Rule 9     function -> function targ
Rule 10    bookmark -> BOOKMARK ID
Rule 11    goto -> GOTO ID
Rule 12    func_def -> FUNCTION_DEF ID
Rule 13    func_def -> FUNCTION_DEF ID assign
Rule 14    func_def -> func_def statement
Rule 15    assign -> ID ASSIGN type
Rule 16    assign -> assign assign
Rule 17    targ -> targ targ
Rule 18    targ -> TABARGU
Rule 19    type -> type PLUS type
Rule 20    type -> type MINUS type
Rule 21    type -> type TIMES type
Rule 22    type -> type DIVIDE type
Rule 23    type -> OLPAREN type ORPAREN
Rule 24    type -> function
Rule 25    type -> STRING
Rule 26    type -> NUMBER
Rule 27    type -> ID

Terminals, with rules where they appear

ASSIGN               : 15
BOOKMARK             : 10
DIVIDE               : 22
FUNCTION_DEF         : 12 13
FUNCTION_END         : 4
GOTO                 : 11
ID                   : 7 8 10 11 12 13 15 27
LPAREN               : 7 8
MINUS                : 20
NUMBER               : 26
OLPAREN              : 23
ORPAREN              : 23
PLUS                 : 19
RPAREN               : 7 8
STRING               : 25
TABARGU              : 18
TIMES                : 21
error                : 

Nonterminals, with rules where they appear

assign               : 3 8 13 16 16
bookmark             : 5
func_def             : 4 14
function             : 9 24
goto                 : 6
statement            : 1 1 14 0
targ                 : 9 17 17
type                 : 2 15 19 19 20 20 21 21 22 22 23

Parsing method: LALR

state 0

    (0) S' -> . statement
    (1) statement -> . statement statement
    (2) statement -> . type
    (3) statement -> . assign
    (4) statement -> . func_def FUNCTION_END
    (5) statement -> . bookmark
    (6) statement -> . goto
    (19) type -> . type PLUS type
    (20) type -> . type MINUS type
    (21) type -> . type TIMES type
    (22) type -> . type DIVIDE type
    (23) type -> . OLPAREN type ORPAREN
    (24) type -> . function
    (25) type -> . STRING
    (26) type -> . NUMBER
    (27) type -> . ID
    (15) assign -> . ID ASSIGN type
    (16) assign -> . assign assign
    (12) func_def -> . FUNCTION_DEF ID
    (13) func_def -> . FUNCTION_DEF ID assign
    (14) func_def -> . func_def statement
    (10) bookmark -> . BOOKMARK ID
    (11) goto -> . GOTO ID
    (7) function -> . LPAREN ID RPAREN
    (8) function -> . LPAREN ID assign RPAREN
    (9) function -> . function targ

    OLPAREN         shift and go to state 2
    STRING          shift and go to state 6
    NUMBER          shift and go to state 1
    ID              shift and go to state 12
    FUNCTION_DEF    shift and go to state 14
    BOOKMARK        shift and go to state 13
    GOTO            shift and go to state 3
    LPAREN          shift and go to state 11

    function                       shift and go to state 8
    goto                           shift and go to state 9
    func_def                       shift and go to state 10
    bookmark                       shift and go to state 4
    statement                      shift and go to state 5
    type                           shift and go to state 7
    assign                         shift and go to state 15

state 1

    (26) type -> NUMBER .

    PLUS            reduce using rule 26 (type -> NUMBER .)
    MINUS           reduce using rule 26 (type -> NUMBER .)
    TIMES           reduce using rule 26 (type -> NUMBER .)
    DIVIDE          reduce using rule 26 (type -> NUMBER .)
    OLPAREN         reduce using rule 26 (type -> NUMBER .)
    STRING          reduce using rule 26 (type -> NUMBER .)
    NUMBER          reduce using rule 26 (type -> NUMBER .)
    ID              reduce using rule 26 (type -> NUMBER .)
    FUNCTION_DEF    reduce using rule 26 (type -> NUMBER .)
    BOOKMARK        reduce using rule 26 (type -> NUMBER .)
    GOTO            reduce using rule 26 (type -> NUMBER .)
    LPAREN          reduce using rule 26 (type -> NUMBER .)
    $end            reduce using rule 26 (type -> NUMBER .)
    ORPAREN         reduce using rule 26 (type -> NUMBER .)
    FUNCTION_END    reduce using rule 26 (type -> NUMBER .)
    RPAREN          reduce using rule 26 (type -> NUMBER .)


state 2

    (23) type -> OLPAREN . type ORPAREN
    (19) type -> . type PLUS type
    (20) type -> . type MINUS type
    (21) type -> . type TIMES type
    (22) type -> . type DIVIDE type
    (23) type -> . OLPAREN type ORPAREN
    (24) type -> . function
    (25) type -> . STRING
    (26) type -> . NUMBER
    (27) type -> . ID
    (7) function -> . LPAREN ID RPAREN
    (8) function -> . LPAREN ID assign RPAREN
    (9) function -> . function targ

    OLPAREN         shift and go to state 2
    STRING          shift and go to state 6
    NUMBER          shift and go to state 1
    ID              shift and go to state 16
    LPAREN          shift and go to state 11

    function                       shift and go to state 8
    type                           shift and go to state 17

state 3

    (11) goto -> GOTO . ID

    ID              shift and go to state 18


state 4

    (5) statement -> bookmark .

    OLPAREN         reduce using rule 5 (statement -> bookmark .)
    STRING          reduce using rule 5 (statement -> bookmark .)
    NUMBER          reduce using rule 5 (statement -> bookmark .)
    ID              reduce using rule 5 (statement -> bookmark .)
    FUNCTION_DEF    reduce using rule 5 (statement -> bookmark .)
    BOOKMARK        reduce using rule 5 (statement -> bookmark .)
    GOTO            reduce using rule 5 (statement -> bookmark .)
    LPAREN          reduce using rule 5 (statement -> bookmark .)
    $end            reduce using rule 5 (statement -> bookmark .)
    FUNCTION_END    reduce using rule 5 (statement -> bookmark .)


state 5

    (0) S' -> statement .
    (1) statement -> statement . statement
    (1) statement -> . statement statement
    (2) statement -> . type
    (3) statement -> . assign
    (4) statement -> . func_def FUNCTION_END
    (5) statement -> . bookmark
    (6) statement -> . goto
    (19) type -> . type PLUS type
    (20) type -> . type MINUS type
    (21) type -> . type TIMES type
    (22) type -> . type DIVIDE type
    (23) type -> . OLPAREN type ORPAREN
    (24) type -> . function
    (25) type -> . STRING
    (26) type -> . NUMBER
    (27) type -> . ID
    (15) assign -> . ID ASSIGN type
    (16) assign -> . assign assign
    (12) func_def -> . FUNCTION_DEF ID
    (13) func_def -> . FUNCTION_DEF ID assign
    (14) func_def -> . func_def statement
    (10) bookmark -> . BOOKMARK ID
    (11) goto -> . GOTO ID
    (7) function -> . LPAREN ID RPAREN
    (8) function -> . LPAREN ID assign RPAREN
    (9) function -> . function targ

    OLPAREN         shift and go to state 2
    STRING          shift and go to state 6
    NUMBER          shift and go to state 1
    ID              shift and go to state 12
    FUNCTION_DEF    shift and go to state 14
    BOOKMARK        shift and go to state 13
    GOTO            shift and go to state 3
    LPAREN          shift and go to state 11

    function                       shift and go to state 8
    goto                           shift and go to state 9
    func_def                       shift and go to state 10
    bookmark                       shift and go to state 4
    statement                      shift and go to state 19
    type                           shift and go to state 7
    assign                         shift and go to state 15

state 6

    (25) type -> STRING .

    PLUS            reduce using rule 25 (type -> STRING .)
    MINUS           reduce using rule 25 (type -> STRING .)
    TIMES           reduce using rule 25 (type -> STRING .)
    DIVIDE          reduce using rule 25 (type -> STRING .)
    OLPAREN         reduce using rule 25 (type -> STRING .)
    STRING          reduce using rule 25 (type -> STRING .)
    NUMBER          reduce using rule 25 (type -> STRING .)
    ID              reduce using rule 25 (type -> STRING .)
    FUNCTION_DEF    reduce using rule 25 (type -> STRING .)
    BOOKMARK        reduce using rule 25 (type -> STRING .)
    GOTO            reduce using rule 25 (type -> STRING .)
    LPAREN          reduce using rule 25 (type -> STRING .)
    $end            reduce using rule 25 (type -> STRING .)
    ORPAREN         reduce using rule 25 (type -> STRING .)
    FUNCTION_END    reduce using rule 25 (type -> STRING .)
    RPAREN          reduce using rule 25 (type -> STRING .)


state 7

    (2) statement -> type .
    (19) type -> type . PLUS type
    (20) type -> type . MINUS type
    (21) type -> type . TIMES type
    (22) type -> type . DIVIDE type

    OLPAREN         reduce using rule 2 (statement -> type .)
    STRING          reduce using rule 2 (statement -> type .)
    NUMBER          reduce using rule 2 (statement -> type .)
    ID              reduce using rule 2 (statement -> type .)
    FUNCTION_DEF    reduce using rule 2 (statement -> type .)
    BOOKMARK        reduce using rule 2 (statement -> type .)
    GOTO            reduce using rule 2 (statement -> type .)
    LPAREN          reduce using rule 2 (statement -> type .)
    $end            reduce using rule 2 (statement -> type .)
    FUNCTION_END    reduce using rule 2 (statement -> type .)
    PLUS            shift and go to state 20
    MINUS           shift and go to state 22
    TIMES           shift and go to state 23
    DIVIDE          shift and go to state 21


state 8

    (24) type -> function .
    (9) function -> function . targ
    (17) targ -> . targ targ
    (18) targ -> . TABARGU

    PLUS            reduce using rule 24 (type -> function .)
    MINUS           reduce using rule 24 (type -> function .)
    TIMES           reduce using rule 24 (type -> function .)
    DIVIDE          reduce using rule 24 (type -> function .)
    OLPAREN         reduce using rule 24 (type -> function .)
    STRING          reduce using rule 24 (type -> function .)
    NUMBER          reduce using rule 24 (type -> function .)
    ID              reduce using rule 24 (type -> function .)
    FUNCTION_DEF    reduce using rule 24 (type -> function .)
    BOOKMARK        reduce using rule 24 (type -> function .)
    GOTO            reduce using rule 24 (type -> function .)
    LPAREN          reduce using rule 24 (type -> function .)
    $end            reduce using rule 24 (type -> function .)
    ORPAREN         reduce using rule 24 (type -> function .)
    FUNCTION_END    reduce using rule 24 (type -> function .)
    RPAREN          reduce using rule 24 (type -> function .)
    TABARGU         shift and go to state 25

    targ                           shift and go to state 24

state 9

    (6) statement -> goto .

    OLPAREN         reduce using rule 6 (statement -> goto .)
    STRING          reduce using rule 6 (statement -> goto .)
    NUMBER          reduce using rule 6 (statement -> goto .)
    ID              reduce using rule 6 (statement -> goto .)
    FUNCTION_DEF    reduce using rule 6 (statement -> goto .)
    BOOKMARK        reduce using rule 6 (statement -> goto .)
    GOTO            reduce using rule 6 (statement -> goto .)
    LPAREN          reduce using rule 6 (statement -> goto .)
    $end            reduce using rule 6 (statement -> goto .)
    FUNCTION_END    reduce using rule 6 (statement -> goto .)


state 10

    (4) statement -> func_def . FUNCTION_END
    (14) func_def -> func_def . statement
    (1) statement -> . statement statement
    (2) statement -> . type
    (3) statement -> . assign
    (4) statement -> . func_def FUNCTION_END
    (5) statement -> . bookmark
    (6) statement -> . goto
    (19) type -> . type PLUS type
    (20) type -> . type MINUS type
    (21) type -> . type TIMES type
    (22) type -> . type DIVIDE type
    (23) type -> . OLPAREN type ORPAREN
    (24) type -> . function
    (25) type -> . STRING
    (26) type -> . NUMBER
    (27) type -> . ID
    (15) assign -> . ID ASSIGN type
    (16) assign -> . assign assign
    (12) func_def -> . FUNCTION_DEF ID
    (13) func_def -> . FUNCTION_DEF ID assign
    (14) func_def -> . func_def statement
    (10) bookmark -> . BOOKMARK ID
    (11) goto -> . GOTO ID
    (7) function -> . LPAREN ID RPAREN
    (8) function -> . LPAREN ID assign RPAREN
    (9) function -> . function targ

    FUNCTION_END    shift and go to state 26
    OLPAREN         shift and go to state 2
    STRING          shift and go to state 6
    NUMBER          shift and go to state 1
    ID              shift and go to state 12
    FUNCTION_DEF    shift and go to state 14
    BOOKMARK        shift and go to state 13
    GOTO            shift and go to state 3
    LPAREN          shift and go to state 11

    function                       shift and go to state 8
    goto                           shift and go to state 9
    func_def                       shift and go to state 10
    bookmark                       shift and go to state 4
    statement                      shift and go to state 27
    type                           shift and go to state 7
    assign                         shift and go to state 15

state 11

    (7) function -> LPAREN . ID RPAREN
    (8) function -> LPAREN . ID assign RPAREN

    ID              shift and go to state 28


state 12

    (27) type -> ID .
    (15) assign -> ID . ASSIGN type

    PLUS            reduce using rule 27 (type -> ID .)
    MINUS           reduce using rule 27 (type -> ID .)
    TIMES           reduce using rule 27 (type -> ID .)
    DIVIDE          reduce using rule 27 (type -> ID .)
    OLPAREN         reduce using rule 27 (type -> ID .)
    STRING          reduce using rule 27 (type -> ID .)
    NUMBER          reduce using rule 27 (type -> ID .)
    ID              reduce using rule 27 (type -> ID .)
    FUNCTION_DEF    reduce using rule 27 (type -> ID .)
    BOOKMARK        reduce using rule 27 (type -> ID .)
    GOTO            reduce using rule 27 (type -> ID .)
    LPAREN          reduce using rule 27 (type -> ID .)
    FUNCTION_END    reduce using rule 27 (type -> ID .)
    $end            reduce using rule 27 (type -> ID .)
    ASSIGN          shift and go to state 29


state 13

    (10) bookmark -> BOOKMARK . ID

    ID              shift and go to state 30


state 14

    (12) func_def -> FUNCTION_DEF . ID
    (13) func_def -> FUNCTION_DEF . ID assign

    ID              shift and go to state 31


state 15

    (3) statement -> assign .
    (16) assign -> assign . assign
    (15) assign -> . ID ASSIGN type
    (16) assign -> . assign assign

  ! shift/reduce conflict for ID resolved as shift
    OLPAREN         reduce using rule 3 (statement -> assign .)
    STRING          reduce using rule 3 (statement -> assign .)
    NUMBER          reduce using rule 3 (statement -> assign .)
    FUNCTION_DEF    reduce using rule 3 (statement -> assign .)
    BOOKMARK        reduce using rule 3 (statement -> assign .)
    GOTO            reduce using rule 3 (statement -> assign .)
    LPAREN          reduce using rule 3 (statement -> assign .)
    $end            reduce using rule 3 (statement -> assign .)
    FUNCTION_END    reduce using rule 3 (statement -> assign .)
    ID              shift and go to state 33

  ! ID              [ reduce using rule 3 (statement -> assign .) ]

    assign                         shift and go to state 32

state 16

    (27) type -> ID .

    PLUS            reduce using rule 27 (type -> ID .)
    MINUS           reduce using rule 27 (type -> ID .)
    TIMES           reduce using rule 27 (type -> ID .)
    DIVIDE          reduce using rule 27 (type -> ID .)
    OLPAREN         reduce using rule 27 (type -> ID .)
    STRING          reduce using rule 27 (type -> ID .)
    NUMBER          reduce using rule 27 (type -> ID .)
    ID              reduce using rule 27 (type -> ID .)
    FUNCTION_DEF    reduce using rule 27 (type -> ID .)
    BOOKMARK        reduce using rule 27 (type -> ID .)
    GOTO            reduce using rule 27 (type -> ID .)
    LPAREN          reduce using rule 27 (type -> ID .)
    $end            reduce using rule 27 (type -> ID .)
    ORPAREN         reduce using rule 27 (type -> ID .)
    FUNCTION_END    reduce using rule 27 (type -> ID .)
    RPAREN          reduce using rule 27 (type -> ID .)


state 17

    (23) type -> OLPAREN type . ORPAREN
    (19) type -> type . PLUS type
    (20) type -> type . MINUS type
    (21) type -> type . TIMES type
    (22) type -> type . DIVIDE type

    ORPAREN         shift and go to state 34
    PLUS            shift and go to state 20
    MINUS           shift and go to state 22
    TIMES           shift and go to state 23
    DIVIDE          shift and go to state 21


state 18

    (11) goto -> GOTO ID .

    OLPAREN         reduce using rule 11 (goto -> GOTO ID .)
    STRING          reduce using rule 11 (goto -> GOTO ID .)
    NUMBER          reduce using rule 11 (goto -> GOTO ID .)
    ID              reduce using rule 11 (goto -> GOTO ID .)
    FUNCTION_DEF    reduce using rule 11 (goto -> GOTO ID .)
    BOOKMARK        reduce using rule 11 (goto -> GOTO ID .)
    GOTO            reduce using rule 11 (goto -> GOTO ID .)
    LPAREN          reduce using rule 11 (goto -> GOTO ID .)
    $end            reduce using rule 11 (goto -> GOTO ID .)
    FUNCTION_END    reduce using rule 11 (goto -> GOTO ID .)


state 19

    (1) statement -> statement statement .
    (1) statement -> statement . statement
    (1) statement -> . statement statement
    (2) statement -> . type
    (3) statement -> . assign
    (4) statement -> . func_def FUNCTION_END
    (5) statement -> . bookmark
    (6) statement -> . goto
    (19) type -> . type PLUS type
    (20) type -> . type MINUS type
    (21) type -> . type TIMES type
    (22) type -> . type DIVIDE type
    (23) type -> . OLPAREN type ORPAREN
    (24) type -> . function
    (25) type -> . STRING
    (26) type -> . NUMBER
    (27) type -> . ID
    (15) assign -> . ID ASSIGN type
    (16) assign -> . assign assign
    (12) func_def -> . FUNCTION_DEF ID
    (13) func_def -> . FUNCTION_DEF ID assign
    (14) func_def -> . func_def statement
    (10) bookmark -> . BOOKMARK ID
    (11) goto -> . GOTO ID
    (7) function -> . LPAREN ID RPAREN
    (8) function -> . LPAREN ID assign RPAREN
    (9) function -> . function targ

  ! shift/reduce conflict for OLPAREN resolved as shift
  ! shift/reduce conflict for STRING resolved as shift
  ! shift/reduce conflict for NUMBER resolved as shift
  ! shift/reduce conflict for ID resolved as shift
  ! shift/reduce conflict for FUNCTION_DEF resolved as shift
  ! shift/reduce conflict for BOOKMARK resolved as shift
  ! shift/reduce conflict for GOTO resolved as shift
  ! shift/reduce conflict for LPAREN resolved as shift
    $end            reduce using rule 1 (statement -> statement statement .)
    FUNCTION_END    reduce using rule 1 (statement -> statement statement .)
    OLPAREN         shift and go to state 2
    STRING          shift and go to state 6
    NUMBER          shift and go to state 1
    ID              shift and go to state 12
    FUNCTION_DEF    shift and go to state 14
    BOOKMARK        shift and go to state 13
    GOTO            shift and go to state 3
    LPAREN          shift and go to state 11

  ! OLPAREN         [ reduce using rule 1 (statement -> statement statement .) ]
  ! STRING          [ reduce using rule 1 (statement -> statement statement .) ]
  ! NUMBER          [ reduce using rule 1 (statement -> statement statement .) ]
  ! ID              [ reduce using rule 1 (statement -> statement statement .) ]
  ! FUNCTION_DEF    [ reduce using rule 1 (statement -> statement statement .) ]
  ! BOOKMARK        [ reduce using rule 1 (statement -> statement statement .) ]
  ! GOTO            [ reduce using rule 1 (statement -> statement statement .) ]
  ! LPAREN          [ reduce using rule 1 (statement -> statement statement .) ]

    function                       shift and go to state 8
    goto                           shift and go to state 9
    func_def                       shift and go to state 10
    bookmark                       shift and go to state 4
    statement                      shift and go to state 19
    type                           shift and go to state 7
    assign                         shift and go to state 15

state 20

    (19) type -> type PLUS . type
    (19) type -> . type PLUS type
    (20) type -> . type MINUS type
    (21) type -> . type TIMES type
    (22) type -> . type DIVIDE type
    (23) type -> . OLPAREN type ORPAREN
    (24) type -> . function
    (25) type -> . STRING
    (26) type -> . NUMBER
    (27) type -> . ID
    (7) function -> . LPAREN ID RPAREN
    (8) function -> . LPAREN ID assign RPAREN
    (9) function -> . function targ

    OLPAREN         shift and go to state 2
    STRING          shift and go to state 6
    NUMBER          shift and go to state 1
    ID              shift and go to state 16
    LPAREN          shift and go to state 11

    function                       shift and go to state 8
    type                           shift and go to state 35

state 21

    (22) type -> type DIVIDE . type
    (19) type -> . type PLUS type
    (20) type -> . type MINUS type
    (21) type -> . type TIMES type
    (22) type -> . type DIVIDE type
    (23) type -> . OLPAREN type ORPAREN
    (24) type -> . function
    (25) type -> . STRING
    (26) type -> . NUMBER
    (27) type -> . ID
    (7) function -> . LPAREN ID RPAREN
    (8) function -> . LPAREN ID assign RPAREN
    (9) function -> . function targ

    OLPAREN         shift and go to state 2
    STRING          shift and go to state 6
    NUMBER          shift and go to state 1
    ID              shift and go to state 16
    LPAREN          shift and go to state 11

    function                       shift and go to state 8
    type                           shift and go to state 36

state 22

    (20) type -> type MINUS . type
    (19) type -> . type PLUS type
    (20) type -> . type MINUS type
    (21) type -> . type TIMES type
    (22) type -> . type DIVIDE type
    (23) type -> . OLPAREN type ORPAREN
    (24) type -> . function
    (25) type -> . STRING
    (26) type -> . NUMBER
    (27) type -> . ID
    (7) function -> . LPAREN ID RPAREN
    (8) function -> . LPAREN ID assign RPAREN
    (9) function -> . function targ

    OLPAREN         shift and go to state 2
    STRING          shift and go to state 6
    NUMBER          shift and go to state 1
    ID              shift and go to state 16
    LPAREN          shift and go to state 11

    function                       shift and go to state 8
    type                           shift and go to state 37

state 23

    (21) type -> type TIMES . type
    (19) type -> . type PLUS type
    (20) type -> . type MINUS type
    (21) type -> . type TIMES type
    (22) type -> . type DIVIDE type
    (23) type -> . OLPAREN type ORPAREN
    (24) type -> . function
    (25) type -> . STRING
    (26) type -> . NUMBER
    (27) type -> . ID
    (7) function -> . LPAREN ID RPAREN
    (8) function -> . LPAREN ID assign RPAREN
    (9) function -> . function targ

    OLPAREN         shift and go to state 2
    STRING          shift and go to state 6
    NUMBER          shift and go to state 1
    ID              shift and go to state 16
    LPAREN          shift and go to state 11

    function                       shift and go to state 8
    type                           shift and go to state 38

state 24

    (9) function -> function targ .
    (17) targ -> targ . targ
    (17) targ -> . targ targ
    (18) targ -> . TABARGU

  ! shift/reduce conflict for TABARGU resolved as shift
    PLUS            reduce using rule 9 (function -> function targ .)
    MINUS           reduce using rule 9 (function -> function targ .)
    TIMES           reduce using rule 9 (function -> function targ .)
    DIVIDE          reduce using rule 9 (function -> function targ .)
    OLPAREN         reduce using rule 9 (function -> function targ .)
    STRING          reduce using rule 9 (function -> function targ .)
    NUMBER          reduce using rule 9 (function -> function targ .)
    ID              reduce using rule 9 (function -> function targ .)
    FUNCTION_DEF    reduce using rule 9 (function -> function targ .)
    BOOKMARK        reduce using rule 9 (function -> function targ .)
    GOTO            reduce using rule 9 (function -> function targ .)
    LPAREN          reduce using rule 9 (function -> function targ .)
    $end            reduce using rule 9 (function -> function targ .)
    ORPAREN         reduce using rule 9 (function -> function targ .)
    FUNCTION_END    reduce using rule 9 (function -> function targ .)
    RPAREN          reduce using rule 9 (function -> function targ .)
    TABARGU         shift and go to state 25

  ! TABARGU         [ reduce using rule 9 (function -> function targ .) ]

    targ                           shift and go to state 39

state 25

    (18) targ -> TABARGU .

    TABARGU         reduce using rule 18 (targ -> TABARGU .)
    PLUS            reduce using rule 18 (targ -> TABARGU .)
    MINUS           reduce using rule 18 (targ -> TABARGU .)
    TIMES           reduce using rule 18 (targ -> TABARGU .)
    DIVIDE          reduce using rule 18 (targ -> TABARGU .)
    OLPAREN         reduce using rule 18 (targ -> TABARGU .)
    STRING          reduce using rule 18 (targ -> TABARGU .)
    NUMBER          reduce using rule 18 (targ -> TABARGU .)
    ID              reduce using rule 18 (targ -> TABARGU .)
    FUNCTION_DEF    reduce using rule 18 (targ -> TABARGU .)
    BOOKMARK        reduce using rule 18 (targ -> TABARGU .)
    GOTO            reduce using rule 18 (targ -> TABARGU .)
    LPAREN          reduce using rule 18 (targ -> TABARGU .)
    $end            reduce using rule 18 (targ -> TABARGU .)
    ORPAREN         reduce using rule 18 (targ -> TABARGU .)
    FUNCTION_END    reduce using rule 18 (targ -> TABARGU .)
    RPAREN          reduce using rule 18 (targ -> TABARGU .)


state 26

    (4) statement -> func_def FUNCTION_END .

    OLPAREN         reduce using rule 4 (statement -> func_def FUNCTION_END .)
    STRING          reduce using rule 4 (statement -> func_def FUNCTION_END .)
    NUMBER          reduce using rule 4 (statement -> func_def FUNCTION_END .)
    ID              reduce using rule 4 (statement -> func_def FUNCTION_END .)
    FUNCTION_DEF    reduce using rule 4 (statement -> func_def FUNCTION_END .)
    BOOKMARK        reduce using rule 4 (statement -> func_def FUNCTION_END .)
    GOTO            reduce using rule 4 (statement -> func_def FUNCTION_END .)
    LPAREN          reduce using rule 4 (statement -> func_def FUNCTION_END .)
    $end            reduce using rule 4 (statement -> func_def FUNCTION_END .)
    FUNCTION_END    reduce using rule 4 (statement -> func_def FUNCTION_END .)


state 27

    (14) func_def -> func_def statement .
    (1) statement -> statement . statement
    (1) statement -> . statement statement
    (2) statement -> . type
    (3) statement -> . assign
    (4) statement -> . func_def FUNCTION_END
    (5) statement -> . bookmark
    (6) statement -> . goto
    (19) type -> . type PLUS type
    (20) type -> . type MINUS type
    (21) type -> . type TIMES type
    (22) type -> . type DIVIDE type
    (23) type -> . OLPAREN type ORPAREN
    (24) type -> . function
    (25) type -> . STRING
    (26) type -> . NUMBER
    (27) type -> . ID
    (15) assign -> . ID ASSIGN type
    (16) assign -> . assign assign
    (12) func_def -> . FUNCTION_DEF ID
    (13) func_def -> . FUNCTION_DEF ID assign
    (14) func_def -> . func_def statement
    (10) bookmark -> . BOOKMARK ID
    (11) goto -> . GOTO ID
    (7) function -> . LPAREN ID RPAREN
    (8) function -> . LPAREN ID assign RPAREN
    (9) function -> . function targ

  ! shift/reduce conflict for OLPAREN resolved as shift
  ! shift/reduce conflict for STRING resolved as shift
  ! shift/reduce conflict for NUMBER resolved as shift
  ! shift/reduce conflict for ID resolved as shift
  ! shift/reduce conflict for FUNCTION_DEF resolved as shift
  ! shift/reduce conflict for BOOKMARK resolved as shift
  ! shift/reduce conflict for GOTO resolved as shift
  ! shift/reduce conflict for LPAREN resolved as shift
    FUNCTION_END    reduce using rule 14 (func_def -> func_def statement .)
    OLPAREN         shift and go to state 2
    STRING          shift and go to state 6
    NUMBER          shift and go to state 1
    ID              shift and go to state 12
    FUNCTION_DEF    shift and go to state 14
    BOOKMARK        shift and go to state 13
    GOTO            shift and go to state 3
    LPAREN          shift and go to state 11

  ! OLPAREN         [ reduce using rule 14 (func_def -> func_def statement .) ]
  ! STRING          [ reduce using rule 14 (func_def -> func_def statement .) ]
  ! NUMBER          [ reduce using rule 14 (func_def -> func_def statement .) ]
  ! ID              [ reduce using rule 14 (func_def -> func_def statement .) ]
  ! FUNCTION_DEF    [ reduce using rule 14 (func_def -> func_def statement .) ]
  ! BOOKMARK        [ reduce using rule 14 (func_def -> func_def statement .) ]
  ! GOTO            [ reduce using rule 14 (func_def -> func_def statement .) ]
  ! LPAREN          [ reduce using rule 14 (func_def -> func_def statement .) ]

    function                       shift and go to state 8
    goto                           shift and go to state 9
    func_def                       shift and go to state 10
    bookmark                       shift and go to state 4
    statement                      shift and go to state 19
    type                           shift and go to state 7
    assign                         shift and go to state 15

state 28

    (7) function -> LPAREN ID . RPAREN
    (8) function -> LPAREN ID . assign RPAREN
    (15) assign -> . ID ASSIGN type
    (16) assign -> . assign assign

    RPAREN          shift and go to state 41
    ID              shift and go to state 33

    assign                         shift and go to state 40

state 29

    (15) assign -> ID ASSIGN . type
    (19) type -> . type PLUS type
    (20) type -> . type MINUS type
    (21) type -> . type TIMES type
    (22) type -> . type DIVIDE type
    (23) type -> . OLPAREN type ORPAREN
    (24) type -> . function
    (25) type -> . STRING
    (26) type -> . NUMBER
    (27) type -> . ID
    (7) function -> . LPAREN ID RPAREN
    (8) function -> . LPAREN ID assign RPAREN
    (9) function -> . function targ

    OLPAREN         shift and go to state 2
    STRING          shift and go to state 6
    NUMBER          shift and go to state 1
    ID              shift and go to state 16
    LPAREN          shift and go to state 11

    function                       shift and go to state 8
    type                           shift and go to state 42

state 30

    (10) bookmark -> BOOKMARK ID .

    OLPAREN         reduce using rule 10 (bookmark -> BOOKMARK ID .)
    STRING          reduce using rule 10 (bookmark -> BOOKMARK ID .)
    NUMBER          reduce using rule 10 (bookmark -> BOOKMARK ID .)
    ID              reduce using rule 10 (bookmark -> BOOKMARK ID .)
    FUNCTION_DEF    reduce using rule 10 (bookmark -> BOOKMARK ID .)
    BOOKMARK        reduce using rule 10 (bookmark -> BOOKMARK ID .)
    GOTO            reduce using rule 10 (bookmark -> BOOKMARK ID .)
    LPAREN          reduce using rule 10 (bookmark -> BOOKMARK ID .)
    FUNCTION_END    reduce using rule 10 (bookmark -> BOOKMARK ID .)
    $end            reduce using rule 10 (bookmark -> BOOKMARK ID .)


state 31

    (12) func_def -> FUNCTION_DEF ID .
    (13) func_def -> FUNCTION_DEF ID . assign
    (15) assign -> . ID ASSIGN type
    (16) assign -> . assign assign

  ! shift/reduce conflict for ID resolved as shift
    FUNCTION_END    reduce using rule 12 (func_def -> FUNCTION_DEF ID .)
    OLPAREN         reduce using rule 12 (func_def -> FUNCTION_DEF ID .)
    STRING          reduce using rule 12 (func_def -> FUNCTION_DEF ID .)
    NUMBER          reduce using rule 12 (func_def -> FUNCTION_DEF ID .)
    FUNCTION_DEF    reduce using rule 12 (func_def -> FUNCTION_DEF ID .)
    BOOKMARK        reduce using rule 12 (func_def -> FUNCTION_DEF ID .)
    GOTO            reduce using rule 12 (func_def -> FUNCTION_DEF ID .)
    LPAREN          reduce using rule 12 (func_def -> FUNCTION_DEF ID .)
    ID              shift and go to state 33

  ! ID              [ reduce using rule 12 (func_def -> FUNCTION_DEF ID .) ]

    assign                         shift and go to state 43

state 32

    (16) assign -> assign assign .
    (16) assign -> assign . assign
    (15) assign -> . ID ASSIGN type
    (16) assign -> . assign assign

  ! shift/reduce conflict for ID resolved as shift
    FUNCTION_END    reduce using rule 16 (assign -> assign assign .)
    OLPAREN         reduce using rule 16 (assign -> assign assign .)
    STRING          reduce using rule 16 (assign -> assign assign .)
    NUMBER          reduce using rule 16 (assign -> assign assign .)
    FUNCTION_DEF    reduce using rule 16 (assign -> assign assign .)
    BOOKMARK        reduce using rule 16 (assign -> assign assign .)
    GOTO            reduce using rule 16 (assign -> assign assign .)
    LPAREN          reduce using rule 16 (assign -> assign assign .)
    RPAREN          reduce using rule 16 (assign -> assign assign .)
    $end            reduce using rule 16 (assign -> assign assign .)
    ID              shift and go to state 33

  ! ID              [ reduce using rule 16 (assign -> assign assign .) ]

    assign                         shift and go to state 32

state 33

    (15) assign -> ID . ASSIGN type

    ASSIGN          shift and go to state 29


state 34

    (23) type -> OLPAREN type ORPAREN .

    PLUS            reduce using rule 23 (type -> OLPAREN type ORPAREN .)
    MINUS           reduce using rule 23 (type -> OLPAREN type ORPAREN .)
    TIMES           reduce using rule 23 (type -> OLPAREN type ORPAREN .)
    DIVIDE          reduce using rule 23 (type -> OLPAREN type ORPAREN .)
    OLPAREN         reduce using rule 23 (type -> OLPAREN type ORPAREN .)
    STRING          reduce using rule 23 (type -> OLPAREN type ORPAREN .)
    NUMBER          reduce using rule 23 (type -> OLPAREN type ORPAREN .)
    ID              reduce using rule 23 (type -> OLPAREN type ORPAREN .)
    FUNCTION_DEF    reduce using rule 23 (type -> OLPAREN type ORPAREN .)
    BOOKMARK        reduce using rule 23 (type -> OLPAREN type ORPAREN .)
    GOTO            reduce using rule 23 (type -> OLPAREN type ORPAREN .)
    LPAREN          reduce using rule 23 (type -> OLPAREN type ORPAREN .)
    $end            reduce using rule 23 (type -> OLPAREN type ORPAREN .)
    ORPAREN         reduce using rule 23 (type -> OLPAREN type ORPAREN .)
    FUNCTION_END    reduce using rule 23 (type -> OLPAREN type ORPAREN .)
    RPAREN          reduce using rule 23 (type -> OLPAREN type ORPAREN .)


state 35

    (19) type -> type PLUS type .
    (19) type -> type . PLUS type
    (20) type -> type . MINUS type
    (21) type -> type . TIMES type
    (22) type -> type . DIVIDE type

    PLUS            reduce using rule 19 (type -> type PLUS type .)
    MINUS           reduce using rule 19 (type -> type PLUS type .)
    OLPAREN         reduce using rule 19 (type -> type PLUS type .)
    STRING          reduce using rule 19 (type -> type PLUS type .)
    NUMBER          reduce using rule 19 (type -> type PLUS type .)
    ID              reduce using rule 19 (type -> type PLUS type .)
    FUNCTION_DEF    reduce using rule 19 (type -> type PLUS type .)
    BOOKMARK        reduce using rule 19 (type -> type PLUS type .)
    GOTO            reduce using rule 19 (type -> type PLUS type .)
    LPAREN          reduce using rule 19 (type -> type PLUS type .)
    $end            reduce using rule 19 (type -> type PLUS type .)
    ORPAREN         reduce using rule 19 (type -> type PLUS type .)
    FUNCTION_END    reduce using rule 19 (type -> type PLUS type .)
    RPAREN          reduce using rule 19 (type -> type PLUS type .)
    TIMES           shift and go to state 23
    DIVIDE          shift and go to state 21

  ! TIMES           [ reduce using rule 19 (type -> type PLUS type .) ]
  ! DIVIDE          [ reduce using rule 19 (type -> type PLUS type .) ]
  ! PLUS            [ shift and go to state 20 ]
  ! MINUS           [ shift and go to state 22 ]


state 36

    (22) type -> type DIVIDE type .
    (19) type -> type . PLUS type
    (20) type -> type . MINUS type
    (21) type -> type . TIMES type
    (22) type -> type . DIVIDE type

    PLUS            reduce using rule 22 (type -> type DIVIDE type .)
    MINUS           reduce using rule 22 (type -> type DIVIDE type .)
    TIMES           reduce using rule 22 (type -> type DIVIDE type .)
    DIVIDE          reduce using rule 22 (type -> type DIVIDE type .)
    OLPAREN         reduce using rule 22 (type -> type DIVIDE type .)
    STRING          reduce using rule 22 (type -> type DIVIDE type .)
    NUMBER          reduce using rule 22 (type -> type DIVIDE type .)
    ID              reduce using rule 22 (type -> type DIVIDE type .)
    FUNCTION_DEF    reduce using rule 22 (type -> type DIVIDE type .)
    BOOKMARK        reduce using rule 22 (type -> type DIVIDE type .)
    GOTO            reduce using rule 22 (type -> type DIVIDE type .)
    LPAREN          reduce using rule 22 (type -> type DIVIDE type .)
    $end            reduce using rule 22 (type -> type DIVIDE type .)
    ORPAREN         reduce using rule 22 (type -> type DIVIDE type .)
    FUNCTION_END    reduce using rule 22 (type -> type DIVIDE type .)
    RPAREN          reduce using rule 22 (type -> type DIVIDE type .)

  ! PLUS            [ shift and go to state 20 ]
  ! MINUS           [ shift and go to state 22 ]
  ! TIMES           [ shift and go to state 23 ]
  ! DIVIDE          [ shift and go to state 21 ]


state 37

    (20) type -> type MINUS type .
    (19) type -> type . PLUS type
    (20) type -> type . MINUS type
    (21) type -> type . TIMES type
    (22) type -> type . DIVIDE type

    PLUS            reduce using rule 20 (type -> type MINUS type .)
    MINUS           reduce using rule 20 (type -> type MINUS type .)
    OLPAREN         reduce using rule 20 (type -> type MINUS type .)
    STRING          reduce using rule 20 (type -> type MINUS type .)
    NUMBER          reduce using rule 20 (type -> type MINUS type .)
    ID              reduce using rule 20 (type -> type MINUS type .)
    FUNCTION_DEF    reduce using rule 20 (type -> type MINUS type .)
    BOOKMARK        reduce using rule 20 (type -> type MINUS type .)
    GOTO            reduce using rule 20 (type -> type MINUS type .)
    LPAREN          reduce using rule 20 (type -> type MINUS type .)
    $end            reduce using rule 20 (type -> type MINUS type .)
    ORPAREN         reduce using rule 20 (type -> type MINUS type .)
    FUNCTION_END    reduce using rule 20 (type -> type MINUS type .)
    RPAREN          reduce using rule 20 (type -> type MINUS type .)
    TIMES           shift and go to state 23
    DIVIDE          shift and go to state 21

  ! TIMES           [ reduce using rule 20 (type -> type MINUS type .) ]
  ! DIVIDE          [ reduce using rule 20 (type -> type MINUS type .) ]
  ! PLUS            [ shift and go to state 20 ]
  ! MINUS           [ shift and go to state 22 ]


state 38

    (21) type -> type TIMES type .
    (19) type -> type . PLUS type
    (20) type -> type . MINUS type
    (21) type -> type . TIMES type
    (22) type -> type . DIVIDE type

    PLUS            reduce using rule 21 (type -> type TIMES type .)
    MINUS           reduce using rule 21 (type -> type TIMES type .)
    TIMES           reduce using rule 21 (type -> type TIMES type .)
    DIVIDE          reduce using rule 21 (type -> type TIMES type .)
    OLPAREN         reduce using rule 21 (type -> type TIMES type .)
    STRING          reduce using rule 21 (type -> type TIMES type .)
    NUMBER          reduce using rule 21 (type -> type TIMES type .)
    ID              reduce using rule 21 (type -> type TIMES type .)
    FUNCTION_DEF    reduce using rule 21 (type -> type TIMES type .)
    BOOKMARK        reduce using rule 21 (type -> type TIMES type .)
    GOTO            reduce using rule 21 (type -> type TIMES type .)
    LPAREN          reduce using rule 21 (type -> type TIMES type .)
    $end            reduce using rule 21 (type -> type TIMES type .)
    ORPAREN         reduce using rule 21 (type -> type TIMES type .)
    FUNCTION_END    reduce using rule 21 (type -> type TIMES type .)
    RPAREN          reduce using rule 21 (type -> type TIMES type .)

  ! PLUS            [ shift and go to state 20 ]
  ! MINUS           [ shift and go to state 22 ]
  ! TIMES           [ shift and go to state 23 ]
  ! DIVIDE          [ shift and go to state 21 ]


state 39

    (17) targ -> targ targ .
    (17) targ -> targ . targ
    (17) targ -> . targ targ
    (18) targ -> . TABARGU

  ! shift/reduce conflict for TABARGU resolved as shift
    PLUS            reduce using rule 17 (targ -> targ targ .)
    MINUS           reduce using rule 17 (targ -> targ targ .)
    TIMES           reduce using rule 17 (targ -> targ targ .)
    DIVIDE          reduce using rule 17 (targ -> targ targ .)
    OLPAREN         reduce using rule 17 (targ -> targ targ .)
    STRING          reduce using rule 17 (targ -> targ targ .)
    NUMBER          reduce using rule 17 (targ -> targ targ .)
    ID              reduce using rule 17 (targ -> targ targ .)
    FUNCTION_DEF    reduce using rule 17 (targ -> targ targ .)
    BOOKMARK        reduce using rule 17 (targ -> targ targ .)
    GOTO            reduce using rule 17 (targ -> targ targ .)
    LPAREN          reduce using rule 17 (targ -> targ targ .)
    $end            reduce using rule 17 (targ -> targ targ .)
    ORPAREN         reduce using rule 17 (targ -> targ targ .)
    FUNCTION_END    reduce using rule 17 (targ -> targ targ .)
    RPAREN          reduce using rule 17 (targ -> targ targ .)
    TABARGU         shift and go to state 25

  ! TABARGU         [ reduce using rule 17 (targ -> targ targ .) ]

    targ                           shift and go to state 39

state 40

    (8) function -> LPAREN ID assign . RPAREN
    (16) assign -> assign . assign
    (15) assign -> . ID ASSIGN type
    (16) assign -> . assign assign

    RPAREN          shift and go to state 44
    ID              shift and go to state 33

    assign                         shift and go to state 32

state 41

    (7) function -> LPAREN ID RPAREN .

    TABARGU         reduce using rule 7 (function -> LPAREN ID RPAREN .)
    PLUS            reduce using rule 7 (function -> LPAREN ID RPAREN .)
    MINUS           reduce using rule 7 (function -> LPAREN ID RPAREN .)
    TIMES           reduce using rule 7 (function -> LPAREN ID RPAREN .)
    DIVIDE          reduce using rule 7 (function -> LPAREN ID RPAREN .)
    OLPAREN         reduce using rule 7 (function -> LPAREN ID RPAREN .)
    STRING          reduce using rule 7 (function -> LPAREN ID RPAREN .)
    NUMBER          reduce using rule 7 (function -> LPAREN ID RPAREN .)
    ID              reduce using rule 7 (function -> LPAREN ID RPAREN .)
    FUNCTION_DEF    reduce using rule 7 (function -> LPAREN ID RPAREN .)
    BOOKMARK        reduce using rule 7 (function -> LPAREN ID RPAREN .)
    GOTO            reduce using rule 7 (function -> LPAREN ID RPAREN .)
    LPAREN          reduce using rule 7 (function -> LPAREN ID RPAREN .)
    $end            reduce using rule 7 (function -> LPAREN ID RPAREN .)
    ORPAREN         reduce using rule 7 (function -> LPAREN ID RPAREN .)
    FUNCTION_END    reduce using rule 7 (function -> LPAREN ID RPAREN .)
    RPAREN          reduce using rule 7 (function -> LPAREN ID RPAREN .)


state 42

    (15) assign -> ID ASSIGN type .
    (19) type -> type . PLUS type
    (20) type -> type . MINUS type
    (21) type -> type . TIMES type
    (22) type -> type . DIVIDE type

    ID              reduce using rule 15 (assign -> ID ASSIGN type .)
    FUNCTION_END    reduce using rule 15 (assign -> ID ASSIGN type .)
    OLPAREN         reduce using rule 15 (assign -> ID ASSIGN type .)
    STRING          reduce using rule 15 (assign -> ID ASSIGN type .)
    NUMBER          reduce using rule 15 (assign -> ID ASSIGN type .)
    FUNCTION_DEF    reduce using rule 15 (assign -> ID ASSIGN type .)
    BOOKMARK        reduce using rule 15 (assign -> ID ASSIGN type .)
    GOTO            reduce using rule 15 (assign -> ID ASSIGN type .)
    LPAREN          reduce using rule 15 (assign -> ID ASSIGN type .)
    RPAREN          reduce using rule 15 (assign -> ID ASSIGN type .)
    $end            reduce using rule 15 (assign -> ID ASSIGN type .)
    PLUS            shift and go to state 20
    MINUS           shift and go to state 22
    TIMES           shift and go to state 23
    DIVIDE          shift and go to state 21


state 43

    (13) func_def -> FUNCTION_DEF ID assign .
    (16) assign -> assign . assign
    (15) assign -> . ID ASSIGN type
    (16) assign -> . assign assign

  ! shift/reduce conflict for ID resolved as shift
    FUNCTION_END    reduce using rule 13 (func_def -> FUNCTION_DEF ID assign .)
    OLPAREN         reduce using rule 13 (func_def -> FUNCTION_DEF ID assign .)
    STRING          reduce using rule 13 (func_def -> FUNCTION_DEF ID assign .)
    NUMBER          reduce using rule 13 (func_def -> FUNCTION_DEF ID assign .)
    FUNCTION_DEF    reduce using rule 13 (func_def -> FUNCTION_DEF ID assign .)
    BOOKMARK        reduce using rule 13 (func_def -> FUNCTION_DEF ID assign .)
    GOTO            reduce using rule 13 (func_def -> FUNCTION_DEF ID assign .)
    LPAREN          reduce using rule 13 (func_def -> FUNCTION_DEF ID assign .)
    ID              shift and go to state 33

  ! ID              [ reduce using rule 13 (func_def -> FUNCTION_DEF ID assign .) ]

    assign                         shift and go to state 32

state 44

    (8) function -> LPAREN ID assign RPAREN .

    TABARGU         reduce using rule 8 (function -> LPAREN ID assign RPAREN .)
    PLUS            reduce using rule 8 (function -> LPAREN ID assign RPAREN .)
    MINUS           reduce using rule 8 (function -> LPAREN ID assign RPAREN .)
    TIMES           reduce using rule 8 (function -> LPAREN ID assign RPAREN .)
    DIVIDE          reduce using rule 8 (function -> LPAREN ID assign RPAREN .)
    OLPAREN         reduce using rule 8 (function -> LPAREN ID assign RPAREN .)
    STRING          reduce using rule 8 (function -> LPAREN ID assign RPAREN .)
    NUMBER          reduce using rule 8 (function -> LPAREN ID assign RPAREN .)
    ID              reduce using rule 8 (function -> LPAREN ID assign RPAREN .)
    FUNCTION_DEF    reduce using rule 8 (function -> LPAREN ID assign RPAREN .)
    BOOKMARK        reduce using rule 8 (function -> LPAREN ID assign RPAREN .)
    GOTO            reduce using rule 8 (function -> LPAREN ID assign RPAREN .)
    LPAREN          reduce using rule 8 (function -> LPAREN ID assign RPAREN .)
    $end            reduce using rule 8 (function -> LPAREN ID assign RPAREN .)
    ORPAREN         reduce using rule 8 (function -> LPAREN ID assign RPAREN .)
    FUNCTION_END    reduce using rule 8 (function -> LPAREN ID assign RPAREN .)
    RPAREN          reduce using rule 8 (function -> LPAREN ID assign RPAREN .)

WARNING: 
WARNING: Conflicts:
WARNING: 
WARNING: shift/reduce conflict for ID in state 15 resolved as shift
WARNING: shift/reduce conflict for OLPAREN in state 19 resolved as shift
WARNING: shift/reduce conflict for STRING in state 19 resolved as shift
WARNING: shift/reduce conflict for NUMBER in state 19 resolved as shift
WARNING: shift/reduce conflict for ID in state 19 resolved as shift
WARNING: shift/reduce conflict for FUNCTION_DEF in state 19 resolved as shift
WARNING: shift/reduce conflict for BOOKMARK in state 19 resolved as shift
WARNING: shift/reduce conflict for GOTO in state 19 resolved as shift
WARNING: shift/reduce conflict for LPAREN in state 19 resolved as shift
WARNING: shift/reduce conflict for TABARGU in state 24 resolved as shift
WARNING: shift/reduce conflict for OLPAREN in state 27 resolved as shift
WARNING: shift/reduce conflict for STRING in state 27 resolved as shift
WARNING: shift/reduce conflict for NUMBER in state 27 resolved as shift
WARNING: shift/reduce conflict for ID in state 27 resolved as shift
WARNING: shift/reduce conflict for FUNCTION_DEF in state 27 resolved as shift
WARNING: shift/reduce conflict for BOOKMARK in state 27 resolved as shift
WARNING: shift/reduce conflict for GOTO in state 27 resolved as shift
WARNING: shift/reduce conflict for LPAREN in state 27 resolved as shift
WARNING: shift/reduce conflict for ID in state 31 resolved as shift
WARNING: shift/reduce conflict for ID in state 32 resolved as shift
WARNING: shift/reduce conflict for TABARGU in state 39 resolved as shift
WARNING: shift/reduce conflict for ID in state 43 resolved as shift
